<?xml version="1.0" encoding="UTF-8"?>
<!-- Generated by org.testng.reporters.JUnitReportReporter -->
<testsuite skipped="0" hostname="DESKTOP-881CB56" name="com.demoqa.test.HomePageTest" tests="1" failures="0" timestamp="25 Feb 2021 20:52:59 GMT" time="22.055" errors="0">
  <testcase name="verifyHomePageTitle" time="22.055" classname="com.demoqa.test.HomePageTest"/>
</testsuite> <!-- com.demoqa.test.HomePageTest -->
