<?xml version="1.0" encoding="UTF-8"?>
<!-- Generated by org.testng.reporters.JUnitReportReporter -->
<testsuite skipped="0" hostname="DESKTOP-881CB56" name="com.demoqa.test.ProfilePageTest" tests="2" failures="0" timestamp="01 Mar 2021 18:46:58 GMT" time="30.156" errors="0">
  <testcase name="verifyProfilePageTitle" time="8.559" classname="com.demoqa.test.ProfilePageTest"/>
  <testcase name="searchBookTest" time="21.597" classname="com.demoqa.test.ProfilePageTest"/>
</testsuite> <!-- com.demoqa.test.ProfilePageTest -->
