<?xml version="1.0" encoding="UTF-8"?>
<!-- Generated by org.testng.reporters.JUnitReportReporter -->
<testsuite skipped="0" hostname="DESKTOP-881CB56" name="com.demoqa.test.LoginPageTest" tests="5" failures="0" timestamp="07 Mar 2021 22:22:42 GMT" time="70.711" errors="0">
  <testcase name="verifyLoginPageTitle" time="13.957" classname="com.demoqa.test.LoginPageTest"/>
  <testcase name="loginTest1" time="14.687" classname="com.demoqa.test.LoginPageTest"/>
  <testcase name="loginTest2" time="13.302" classname="com.demoqa.test.LoginPageTest"/>
  <testcase name="loginTest3" time="12.026" classname="com.demoqa.test.LoginPageTest"/>
  <testcase name="loginTest4" time="16.739" classname="com.demoqa.test.LoginPageTest"/>
</testsuite> <!-- com.demoqa.test.LoginPageTest -->
