<?xml version="1.0" encoding="UTF-8"?>
<!-- Generated by org.testng.reporters.JUnitReportReporter -->
<testsuite skipped="0" hostname="DESKTOP-881CB56" name="com.demoqa.test.LoginPFTest" tests="1" failures="0" timestamp="08 Mar 2021 09:16:26 GMT" time="7.984" errors="0">
  <testcase name="loginTest" time="7.984" classname="com.demoqa.test.LoginPFTest"/>
</testsuite> <!-- com.demoqa.test.LoginPFTest -->
