<?xml version="1.0" encoding="UTF-8"?>
<!-- Generated by org.testng.reporters.JUnitReportReporter -->
<testsuite skipped="0" hostname="DESKTOP-881CB56" name="com.hubspot.test.LoginPageTest" tests="2" failures="0" timestamp="21 Feb 2021 15:53:52 GMT" time="30.479" errors="0">
  <testcase name="loginTest" time="14.263" classname="com.hubspot.test.LoginPageTest"/>
  <testcase name="getTitle" time="16.216" classname="com.hubspot.test.LoginPageTest"/>
</testsuite> <!-- com.hubspot.test.LoginPageTest -->
