<?xml version="1.0" encoding="UTF-8"?>
<!-- Generated by org.testng.reporters.JUnitReportReporter -->
<testsuite skipped="0" hostname="DESKTOP-881CB56" name="com.demoqa.test.MyTest" tests="1" failures="0" timestamp="23 Feb 2021 20:58:52 GMT" time="0.019" errors="0">
  <testcase name="Test" time="0.019" classname="com.demoqa.test.MyTest"/>
</testsuite> <!-- com.demoqa.test.MyTest -->
